/*C1*/SET SCHEMA SYSTEM_LOBS
INSERT INTO BLOCKS VALUES(0,2147483647,0)
COMMIT
/*C3*/SET SCHEMA PUBLIC
\u000a    create table company (\u000a        company_id bigint generated by default as identity (start with 1),\u000a        name varchar(255) not null,\u000a        primary key (company_id)\u000a    )
\u000a    create table employee (\u000a        employee_id bigint generated by default as identity (start with 1),\u000a        first_name varchar(255) not null,\u000a        last_name varchar(255) not null,\u000a        company_id bigint not null,\u000a        primary key (employee_id)\u000a    )
\u000a    alter table employee \u000a        add constraint FK_k20labyfxi4i3ftuv4yv5age9 \u000a        foreign key (company_id) \u000a        references company
INSERT INTO COMPANY VALUES(1,'The Bluth Company')
INSERT INTO COMPANY VALUES(2,'Bluth''s Frozen Banana Stand')
INSERT INTO EMPLOYEE VALUES(1,'Bluth','Michael',1)
INSERT INTO EMPLOYEE VALUES(2,'Bluth','Gob',1)
INSERT INTO EMPLOYEE VALUES(3,'Bluth','Lindsey',1)
INSERT INTO EMPLOYEE VALUES(4,'Bluth','Buster',1)
INSERT INTO EMPLOYEE VALUES(5,'Bluth','Lucille',1)
INSERT INTO EMPLOYEE VALUES(6,'Bluth','George Sr',1)
INSERT INTO EMPLOYEE VALUES(7,'Bluth','George Michael',2)
INSERT INTO EMPLOYEE VALUES(8,'Funke','Maeby',2)
COMMIT
/*C2*/SET SCHEMA PUBLIC
DISCONNECT
/*C3*/DELETE FROM EMPLOYEE WHERE EMPLOYEE_ID=1
DELETE FROM EMPLOYEE WHERE EMPLOYEE_ID=2
DELETE FROM EMPLOYEE WHERE EMPLOYEE_ID=3
DELETE FROM EMPLOYEE WHERE EMPLOYEE_ID=4
DELETE FROM EMPLOYEE WHERE EMPLOYEE_ID=5
DELETE FROM EMPLOYEE WHERE EMPLOYEE_ID=6
DELETE FROM EMPLOYEE WHERE EMPLOYEE_ID=7
DELETE FROM EMPLOYEE WHERE EMPLOYEE_ID=8
DELETE FROM COMPANY WHERE COMPANY_ID=1
DELETE FROM COMPANY WHERE COMPANY_ID=2
COMMIT
DISCONNECT
/*C5*/SET SCHEMA PUBLIC
INSERT INTO COMPANY VALUES(3,'The Bluth Company')
INSERT INTO COMPANY VALUES(4,'Bluth''s Frozen Banana Stand')
INSERT INTO EMPLOYEE VALUES(9,'Bluth','Michael',3)
INSERT INTO EMPLOYEE VALUES(10,'Bluth','Gob',3)
INSERT INTO EMPLOYEE VALUES(11,'Bluth','Lindsey',3)
INSERT INTO EMPLOYEE VALUES(12,'Bluth','Buster',3)
INSERT INTO EMPLOYEE VALUES(13,'Bluth','Lucille',3)
INSERT INTO EMPLOYEE VALUES(14,'Bluth','George Sr',3)
INSERT INTO EMPLOYEE VALUES(15,'Bluth','George Michael',4)
INSERT INTO EMPLOYEE VALUES(16,'Funke','Maeby',4)
COMMIT
DELETE FROM EMPLOYEE WHERE EMPLOYEE_ID=9
DELETE FROM EMPLOYEE WHERE EMPLOYEE_ID=10
DELETE FROM EMPLOYEE WHERE EMPLOYEE_ID=11
DELETE FROM EMPLOYEE WHERE EMPLOYEE_ID=12
DELETE FROM EMPLOYEE WHERE EMPLOYEE_ID=13
DELETE FROM EMPLOYEE WHERE EMPLOYEE_ID=14
DELETE FROM EMPLOYEE WHERE EMPLOYEE_ID=15
DELETE FROM EMPLOYEE WHERE EMPLOYEE_ID=16
DELETE FROM COMPANY WHERE COMPANY_ID=3
DELETE FROM COMPANY WHERE COMPANY_ID=4
COMMIT
DISCONNECT
/*C6*/SET SCHEMA PUBLIC
INSERT INTO COMPANY VALUES(5,'The Bluth Company')
INSERT INTO COMPANY VALUES(6,'Bluth''s Frozen Banana Stand')
INSERT INTO EMPLOYEE VALUES(17,'Bluth','Michael',5)
INSERT INTO EMPLOYEE VALUES(18,'Bluth','Gob',5)
INSERT INTO EMPLOYEE VALUES(19,'Bluth','Lindsey',5)
INSERT INTO EMPLOYEE VALUES(20,'Bluth','Buster',5)
INSERT INTO EMPLOYEE VALUES(21,'Bluth','Lucille',5)
INSERT INTO EMPLOYEE VALUES(22,'Bluth','George Sr',5)
INSERT INTO EMPLOYEE VALUES(23,'Bluth','George Michael',6)
INSERT INTO EMPLOYEE VALUES(24,'Funke','Maeby',6)
COMMIT
DELETE FROM EMPLOYEE WHERE EMPLOYEE_ID=17
DELETE FROM EMPLOYEE WHERE EMPLOYEE_ID=18
DELETE FROM EMPLOYEE WHERE EMPLOYEE_ID=19
DELETE FROM EMPLOYEE WHERE EMPLOYEE_ID=20
DELETE FROM EMPLOYEE WHERE EMPLOYEE_ID=21
DELETE FROM EMPLOYEE WHERE EMPLOYEE_ID=22
DELETE FROM EMPLOYEE WHERE EMPLOYEE_ID=23
DELETE FROM EMPLOYEE WHERE EMPLOYEE_ID=24
DELETE FROM COMPANY WHERE COMPANY_ID=5
DELETE FROM COMPANY WHERE COMPANY_ID=6
COMMIT
DISCONNECT
/*C7*/SET SCHEMA PUBLIC
INSERT INTO COMPANY VALUES(7,'The Bluth Company')
INSERT INTO COMPANY VALUES(8,'Bluth''s Frozen Banana Stand')
INSERT INTO EMPLOYEE VALUES(25,'Bluth','Michael',7)
INSERT INTO EMPLOYEE VALUES(26,'Bluth','Gob',7)
INSERT INTO EMPLOYEE VALUES(27,'Bluth','Lindsey',7)
INSERT INTO EMPLOYEE VALUES(28,'Bluth','Buster',7)
INSERT INTO EMPLOYEE VALUES(29,'Bluth','Lucille',7)
INSERT INTO EMPLOYEE VALUES(30,'Bluth','George Sr',7)
INSERT INTO EMPLOYEE VALUES(31,'Bluth','George Michael',8)
INSERT INTO EMPLOYEE VALUES(32,'Funke','Maeby',8)
COMMIT
DELETE FROM EMPLOYEE WHERE EMPLOYEE_ID=25
DELETE FROM EMPLOYEE WHERE EMPLOYEE_ID=26
DELETE FROM EMPLOYEE WHERE EMPLOYEE_ID=27
DELETE FROM EMPLOYEE WHERE EMPLOYEE_ID=28
DELETE FROM EMPLOYEE WHERE EMPLOYEE_ID=29
DELETE FROM EMPLOYEE WHERE EMPLOYEE_ID=30
DELETE FROM EMPLOYEE WHERE EMPLOYEE_ID=31
DELETE FROM EMPLOYEE WHERE EMPLOYEE_ID=32
DELETE FROM COMPANY WHERE COMPANY_ID=7
DELETE FROM COMPANY WHERE COMPANY_ID=8
COMMIT
DISCONNECT
/*C8*/SET SCHEMA PUBLIC
INSERT INTO COMPANY VALUES(9,'The Bluth Company')
INSERT INTO COMPANY VALUES(10,'Bluth''s Frozen Banana Stand')
INSERT INTO EMPLOYEE VALUES(33,'Bluth','Michael',9)
INSERT INTO EMPLOYEE VALUES(34,'Bluth','Gob',9)
INSERT INTO EMPLOYEE VALUES(35,'Bluth','Lindsey',9)
INSERT INTO EMPLOYEE VALUES(36,'Bluth','Buster',9)
INSERT INTO EMPLOYEE VALUES(37,'Bluth','Lucille',9)
INSERT INTO EMPLOYEE VALUES(38,'Bluth','George Sr',9)
INSERT INTO EMPLOYEE VALUES(39,'Bluth','George Michael',10)
INSERT INTO EMPLOYEE VALUES(40,'Funke','Maeby',10)
COMMIT
DELETE FROM EMPLOYEE WHERE EMPLOYEE_ID=33
DELETE FROM EMPLOYEE WHERE EMPLOYEE_ID=34
DELETE FROM EMPLOYEE WHERE EMPLOYEE_ID=35
DELETE FROM EMPLOYEE WHERE EMPLOYEE_ID=36
DELETE FROM EMPLOYEE WHERE EMPLOYEE_ID=37
DELETE FROM EMPLOYEE WHERE EMPLOYEE_ID=38
DELETE FROM EMPLOYEE WHERE EMPLOYEE_ID=39
DELETE FROM EMPLOYEE WHERE EMPLOYEE_ID=40
DELETE FROM COMPANY WHERE COMPANY_ID=9
DELETE FROM COMPANY WHERE COMPANY_ID=10
COMMIT
DISCONNECT
/*C9*/SET SCHEMA PUBLIC
INSERT INTO COMPANY VALUES(11,'The Bluth Company')
INSERT INTO COMPANY VALUES(12,'Bluth''s Frozen Banana Stand')
INSERT INTO EMPLOYEE VALUES(41,'Bluth','Michael',11)
INSERT INTO EMPLOYEE VALUES(42,'Bluth','Gob',11)
INSERT INTO EMPLOYEE VALUES(43,'Bluth','Lindsey',11)
INSERT INTO EMPLOYEE VALUES(44,'Bluth','Buster',11)
INSERT INTO EMPLOYEE VALUES(45,'Bluth','Lucille',11)
INSERT INTO EMPLOYEE VALUES(46,'Bluth','George Sr',11)
INSERT INTO EMPLOYEE VALUES(47,'Bluth','George Michael',12)
INSERT INTO EMPLOYEE VALUES(48,'Funke','Maeby',12)
COMMIT
DELETE FROM EMPLOYEE WHERE EMPLOYEE_ID=41
DELETE FROM EMPLOYEE WHERE EMPLOYEE_ID=42
DELETE FROM EMPLOYEE WHERE EMPLOYEE_ID=43
DELETE FROM EMPLOYEE WHERE EMPLOYEE_ID=44
DELETE FROM EMPLOYEE WHERE EMPLOYEE_ID=45
DELETE FROM EMPLOYEE WHERE EMPLOYEE_ID=46
DELETE FROM EMPLOYEE WHERE EMPLOYEE_ID=47
DELETE FROM EMPLOYEE WHERE EMPLOYEE_ID=48
DELETE FROM COMPANY WHERE COMPANY_ID=11
DELETE FROM COMPANY WHERE COMPANY_ID=12
COMMIT
INSERT INTO COMPANY VALUES(13,'The Bluth Company')
INSERT INTO COMPANY VALUES(14,'Bluth''s Frozen Banana Stand')
INSERT INTO EMPLOYEE VALUES(49,'Bluth','Michael',13)
INSERT INTO EMPLOYEE VALUES(50,'Bluth','Gob',13)
INSERT INTO EMPLOYEE VALUES(51,'Bluth','Lindsey',13)
INSERT INTO EMPLOYEE VALUES(52,'Bluth','Buster',13)
INSERT INTO EMPLOYEE VALUES(53,'Bluth','Lucille',13)
INSERT INTO EMPLOYEE VALUES(54,'Bluth','George Sr',13)
INSERT INTO EMPLOYEE VALUES(55,'Bluth','George Michael',14)
INSERT INTO EMPLOYEE VALUES(56,'Funke','Maeby',14)
COMMIT
DELETE FROM EMPLOYEE WHERE EMPLOYEE_ID=49
DELETE FROM EMPLOYEE WHERE EMPLOYEE_ID=50
DELETE FROM EMPLOYEE WHERE EMPLOYEE_ID=51
DELETE FROM EMPLOYEE WHERE EMPLOYEE_ID=52
DELETE FROM EMPLOYEE WHERE EMPLOYEE_ID=53
DELETE FROM EMPLOYEE WHERE EMPLOYEE_ID=54
DELETE FROM EMPLOYEE WHERE EMPLOYEE_ID=55
DELETE FROM EMPLOYEE WHERE EMPLOYEE_ID=56
DELETE FROM COMPANY WHERE COMPANY_ID=13
DELETE FROM COMPANY WHERE COMPANY_ID=14
COMMIT
INSERT INTO COMPANY VALUES(15,'The Bluth Company')
INSERT INTO COMPANY VALUES(16,'Bluth''s Frozen Banana Stand')
INSERT INTO EMPLOYEE VALUES(57,'Bluth','Michael',15)
INSERT INTO EMPLOYEE VALUES(58,'Bluth','Gob',15)
INSERT INTO EMPLOYEE VALUES(59,'Bluth','Lindsey',15)
INSERT INTO EMPLOYEE VALUES(60,'Bluth','Buster',15)
INSERT INTO EMPLOYEE VALUES(61,'Bluth','Lucille',15)
INSERT INTO EMPLOYEE VALUES(62,'Bluth','George Sr',15)
INSERT INTO EMPLOYEE VALUES(63,'Bluth','George Michael',16)
INSERT INTO EMPLOYEE VALUES(64,'Funke','Maeby',16)
COMMIT
DELETE FROM EMPLOYEE WHERE EMPLOYEE_ID=57
DELETE FROM EMPLOYEE WHERE EMPLOYEE_ID=58
DELETE FROM EMPLOYEE WHERE EMPLOYEE_ID=59
DELETE FROM EMPLOYEE WHERE EMPLOYEE_ID=60
DELETE FROM EMPLOYEE WHERE EMPLOYEE_ID=61
DELETE FROM EMPLOYEE WHERE EMPLOYEE_ID=62
DELETE FROM EMPLOYEE WHERE EMPLOYEE_ID=63
DELETE FROM EMPLOYEE WHERE EMPLOYEE_ID=64
DELETE FROM COMPANY WHERE COMPANY_ID=15
DELETE FROM COMPANY WHERE COMPANY_ID=16
COMMIT
INSERT INTO COMPANY VALUES(17,'The Bluth Company')
INSERT INTO COMPANY VALUES(18,'Bluth''s Frozen Banana Stand')
INSERT INTO EMPLOYEE VALUES(65,'Bluth','Michael',17)
INSERT INTO EMPLOYEE VALUES(66,'Bluth','Gob',17)
INSERT INTO EMPLOYEE VALUES(67,'Bluth','Lindsey',17)
INSERT INTO EMPLOYEE VALUES(68,'Bluth','Buster',17)
INSERT INTO EMPLOYEE VALUES(69,'Bluth','Lucille',17)
INSERT INTO EMPLOYEE VALUES(70,'Bluth','George Sr',17)
INSERT INTO EMPLOYEE VALUES(71,'Bluth','George Michael',18)
INSERT INTO EMPLOYEE VALUES(72,'Funke','Maeby',18)
COMMIT
DELETE FROM EMPLOYEE WHERE EMPLOYEE_ID=65
DELETE FROM EMPLOYEE WHERE EMPLOYEE_ID=66
DELETE FROM EMPLOYEE WHERE EMPLOYEE_ID=67
DELETE FROM EMPLOYEE WHERE EMPLOYEE_ID=68
DELETE FROM EMPLOYEE WHERE EMPLOYEE_ID=69
DELETE FROM EMPLOYEE WHERE EMPLOYEE_ID=70
DELETE FROM EMPLOYEE WHERE EMPLOYEE_ID=71
DELETE FROM EMPLOYEE WHERE EMPLOYEE_ID=72
DELETE FROM COMPANY WHERE COMPANY_ID=17
DELETE FROM COMPANY WHERE COMPANY_ID=18
COMMIT
DISCONNECT
/*C10*/SET SCHEMA PUBLIC
INSERT INTO COMPANY VALUES(19,'The Bluth Company')
INSERT INTO COMPANY VALUES(20,'Bluth''s Frozen Banana Stand')
INSERT INTO EMPLOYEE VALUES(73,'Bluth','Michael',19)
INSERT INTO EMPLOYEE VALUES(74,'Bluth','Gob',19)
INSERT INTO EMPLOYEE VALUES(75,'Bluth','Lindsey',19)
INSERT INTO EMPLOYEE VALUES(76,'Bluth','Buster',19)
INSERT INTO EMPLOYEE VALUES(77,'Bluth','Lucille',19)
INSERT INTO EMPLOYEE VALUES(78,'Bluth','George Sr',19)
INSERT INTO EMPLOYEE VALUES(79,'Bluth','George Michael',20)
INSERT INTO EMPLOYEE VALUES(80,'Funke','Maeby',20)
COMMIT
DELETE FROM EMPLOYEE WHERE EMPLOYEE_ID=73
DELETE FROM EMPLOYEE WHERE EMPLOYEE_ID=74
DELETE FROM EMPLOYEE WHERE EMPLOYEE_ID=75
DELETE FROM EMPLOYEE WHERE EMPLOYEE_ID=76
DELETE FROM EMPLOYEE WHERE EMPLOYEE_ID=77
DELETE FROM EMPLOYEE WHERE EMPLOYEE_ID=78
DELETE FROM EMPLOYEE WHERE EMPLOYEE_ID=79
DELETE FROM EMPLOYEE WHERE EMPLOYEE_ID=80
DELETE FROM COMPANY WHERE COMPANY_ID=19
DELETE FROM COMPANY WHERE COMPANY_ID=20
COMMIT
INSERT INTO COMPANY VALUES(21,'The Bluth Company')
INSERT INTO COMPANY VALUES(22,'Bluth''s Frozen Banana Stand')
INSERT INTO EMPLOYEE VALUES(81,'Bluth','Michael',21)
INSERT INTO EMPLOYEE VALUES(82,'Bluth','Gob',21)
INSERT INTO EMPLOYEE VALUES(83,'Bluth','Lindsey',21)
INSERT INTO EMPLOYEE VALUES(84,'Bluth','Buster',21)
INSERT INTO EMPLOYEE VALUES(85,'Bluth','Lucille',21)
INSERT INTO EMPLOYEE VALUES(86,'Bluth','George Sr',21)
INSERT INTO EMPLOYEE VALUES(87,'Bluth','George Michael',22)
INSERT INTO EMPLOYEE VALUES(88,'Funke','Maeby',22)
COMMIT
DELETE FROM EMPLOYEE WHERE EMPLOYEE_ID=81
DELETE FROM EMPLOYEE WHERE EMPLOYEE_ID=82
DELETE FROM EMPLOYEE WHERE EMPLOYEE_ID=83
DELETE FROM EMPLOYEE WHERE EMPLOYEE_ID=84
DELETE FROM EMPLOYEE WHERE EMPLOYEE_ID=85
DELETE FROM EMPLOYEE WHERE EMPLOYEE_ID=86
DELETE FROM EMPLOYEE WHERE EMPLOYEE_ID=87
DELETE FROM EMPLOYEE WHERE EMPLOYEE_ID=88
DELETE FROM COMPANY WHERE COMPANY_ID=21
DELETE FROM COMPANY WHERE COMPANY_ID=22
COMMIT
INSERT INTO COMPANY VALUES(23,'The Bluth Company')
INSERT INTO COMPANY VALUES(24,'Bluth''s Frozen Banana Stand')
INSERT INTO EMPLOYEE VALUES(89,'Bluth','Michael',23)
INSERT INTO EMPLOYEE VALUES(90,'Bluth','Gob',23)
INSERT INTO EMPLOYEE VALUES(91,'Bluth','Lindsey',23)
INSERT INTO EMPLOYEE VALUES(92,'Bluth','Buster',23)
INSERT INTO EMPLOYEE VALUES(93,'Bluth','Lucille',23)
INSERT INTO EMPLOYEE VALUES(94,'Bluth','George Sr',23)
INSERT INTO EMPLOYEE VALUES(95,'Bluth','George Michael',24)
INSERT INTO EMPLOYEE VALUES(96,'Funke','Maeby',24)
COMMIT
DELETE FROM EMPLOYEE WHERE EMPLOYEE_ID=89
DELETE FROM EMPLOYEE WHERE EMPLOYEE_ID=90
DELETE FROM EMPLOYEE WHERE EMPLOYEE_ID=91
DELETE FROM EMPLOYEE WHERE EMPLOYEE_ID=92
DELETE FROM EMPLOYEE WHERE EMPLOYEE_ID=93
DELETE FROM EMPLOYEE WHERE EMPLOYEE_ID=94
DELETE FROM EMPLOYEE WHERE EMPLOYEE_ID=95
DELETE FROM EMPLOYEE WHERE EMPLOYEE_ID=96
DELETE FROM COMPANY WHERE COMPANY_ID=23
DELETE FROM COMPANY WHERE COMPANY_ID=24
COMMIT
INSERT INTO COMPANY VALUES(25,'The Bluth Company')
INSERT INTO COMPANY VALUES(26,'Bluth''s Frozen Banana Stand')
INSERT INTO EMPLOYEE VALUES(97,'Bluth','Michael',25)
INSERT INTO EMPLOYEE VALUES(98,'Bluth','Gob',25)
INSERT INTO EMPLOYEE VALUES(99,'Bluth','Lindsey',25)
INSERT INTO EMPLOYEE VALUES(100,'Bluth','Buster',25)
INSERT INTO EMPLOYEE VALUES(101,'Bluth','Lucille',25)
INSERT INTO EMPLOYEE VALUES(102,'Bluth','George Sr',25)
INSERT INTO EMPLOYEE VALUES(103,'Bluth','George Michael',26)
INSERT INTO EMPLOYEE VALUES(104,'Funke','Maeby',26)
COMMIT
DELETE FROM EMPLOYEE WHERE EMPLOYEE_ID=97
DELETE FROM EMPLOYEE WHERE EMPLOYEE_ID=98
DELETE FROM EMPLOYEE WHERE EMPLOYEE_ID=99
DELETE FROM EMPLOYEE WHERE EMPLOYEE_ID=100
DELETE FROM EMPLOYEE WHERE EMPLOYEE_ID=101
DELETE FROM EMPLOYEE WHERE EMPLOYEE_ID=102
DELETE FROM EMPLOYEE WHERE EMPLOYEE_ID=103
DELETE FROM EMPLOYEE WHERE EMPLOYEE_ID=104
DELETE FROM COMPANY WHERE COMPANY_ID=25
DELETE FROM COMPANY WHERE COMPANY_ID=26
COMMIT
DISCONNECT
/*C4*/SET SCHEMA PUBLIC
DISCONNECT
/*C11*/SET SCHEMA PUBLIC
DISCONNECT
/*C12*/SET SCHEMA PUBLIC
DISCONNECT
/*C13*/SET SCHEMA PUBLIC
INSERT INTO COMPANY VALUES(27,'d7a96ada-8eae-44f4-b9a1-50d540abb818')
DELETE FROM COMPANY WHERE COMPANY_ID=27
COMMIT
DISCONNECT
/*C14*/SET SCHEMA PUBLIC
DISCONNECT
/*C15*/SET SCHEMA PUBLIC
DISCONNECT
/*C16*/SET SCHEMA PUBLIC
INSERT INTO COMPANY VALUES(28,'61dfa335-d824-4036-b2af-e49ce6dc663a')
COMMIT
DISCONNECT
